<?xml version="1.0" encoding="UTF-8"?>
<testng-results ignored="0" total="2" passed="2" failed="0" skipped="0">
  <reporter-output>
  </reporter-output>
  <suite started-at="2020-04-08T12:42:24Z" name="Default suite" finished-at="2020-04-08T12:43:21Z" duration-ms="56863">
    <groups>
    </groups>
    <test started-at="2020-04-08T12:42:24Z" name="Default test" finished-at="2020-04-08T12:43:21Z" duration-ms="56863">
      <class name="com.qa.UGweb.tests.LoginPageTest">
        <test-method is-config="true" signature="setUp()[pri:0, instance:com.qa.UGweb.tests.LoginPageTest@18d87d80]" started-at="2020-04-08T12:42:24Z" name="setUp" finished-at="2020-04-08T12:42:47Z" duration-ms="22516" status="PASS">
          <reporter-output>
          </reporter-output>
        </test-method> <!-- setUp -->
        <test-method signature="verifyLoginPageTitleTest()[pri:1, instance:com.qa.UGweb.tests.LoginPageTest@18d87d80]" started-at="2020-04-08T12:42:47Z" name="verifyLoginPageTitleTest" finished-at="2020-04-08T12:42:47Z" duration-ms="34" status="PASS">
          <reporter-output>
          </reporter-output>
        </test-method> <!-- verifyLoginPageTitleTest -->
        <test-method is-config="true" signature="tearDown()[pri:0, instance:com.qa.UGweb.tests.LoginPageTest@18d87d80]" started-at="2020-04-08T12:42:47Z" name="tearDown" finished-at="2020-04-08T12:42:47Z" duration-ms="79" status="PASS">
          <reporter-output>
          </reporter-output>
        </test-method> <!-- tearDown -->
        <test-method is-config="true" signature="setUp()[pri:0, instance:com.qa.UGweb.tests.LoginPageTest@18d87d80]" started-at="2020-04-08T12:42:47Z" name="setUp" finished-at="2020-04-08T12:43:06Z" duration-ms="18982" status="PASS">
          <reporter-output>
          </reporter-output>
        </test-method> <!-- setUp -->
        <test-method signature="loginTest()[pri:2, instance:com.qa.UGweb.tests.LoginPageTest@18d87d80]" started-at="2020-04-08T12:43:06Z" name="loginTest" finished-at="2020-04-08T12:43:21Z" duration-ms="15121" status="PASS">
          <reporter-output>
          </reporter-output>
        </test-method> <!-- loginTest -->
        <test-method is-config="true" signature="tearDown()[pri:0, instance:com.qa.UGweb.tests.LoginPageTest@18d87d80]" started-at="2020-04-08T12:43:21Z" name="tearDown" finished-at="2020-04-08T12:43:21Z" duration-ms="91" status="PASS">
          <reporter-output>
          </reporter-output>
        </test-method> <!-- tearDown -->
      </class> <!-- com.qa.UGweb.tests.LoginPageTest -->
    </test> <!-- Default test -->
  </suite> <!-- Default suite -->
</testng-results>
